0 info it worked if it ends with ok
1 verbose cli [ 'C:\\dev\\nodejs\\node.exe',
1 verbose cli   'C:\\dev\\nvm\\npm\\node_modules\\npm\\bin\\npm-cli.js',
1 verbose cli   'start' ]
2 info using npm@3.9.0
3 info using node@v6.2.0
4 verbose run-script [ 'prestart', 'start', 'poststart' ]
5 info lifecycle music-player@1.0.0~prestart: music-player@1.0.0
6 silly lifecycle music-player@1.0.0~prestart: no script for prestart, continuing
7 info lifecycle music-player@1.0.0~start: music-player@1.0.0
8 verbose lifecycle music-player@1.0.0~start: unsafe-perm in lifecycle true
9 verbose lifecycle music-player@1.0.0~start: PATH: C:\dev\nvm\npm\node_modules\npm\bin\node-gyp-bin;C:\Users\iroc\Desktop\music-player\node_modules\.bin;C:\dev\nodejs;.\node_modules\.bin;C:\Users\iroc\npm-global\bin;/usr/local/bin;C:\Python27\;C:\Python27\Scripts;C:\Windows\system32;C:\Windows;C:\Windows\System32\Wbem;C:\Windows\System32\WindowsPowerShell\v1.0\;C:\Program Files\Git\cmd;C:\Program Files\MySQL\MySQL Server 5.5\bin;C:\HashiCorp\Vagrant\bin;C:\Windows\system32\config\systemprofile\.dnx\bin;C:\Program Files\Microsoft DNX\Dnvm\;C:\Program Files (x86)\Windows Kits\8.1\Windows Performance Toolkit\;C:\Program Files\Microsoft SQL Server\120\Tools\Binn\;C:\dev\Ruby23-x64\bin;C:\dev\nvm\npm;C:\dev\nvm;C:\dev\nodejs;C:\Program Files\Sublime Text 3;C:\Program Files\MySQL\MySQL Server 5.5\bin;C:\Python27;C:\dev\curl;C:\Users\iroc\Documents\Shortcut;C:\Program Files (x86)\Tencent\QQ\Bin;C:\Program Files (x86)\Microsoft VS Code\bin
10 verbose lifecycle music-player@1.0.0~start: CWD: C:\Users\iroc\Desktop\music-player
11 silly lifecycle music-player@1.0.0~start: Args: [ '/d /s /c', 'nodemon app_main.js' ]
12 silly lifecycle music-player@1.0.0~start: Returned: code: 1  signal: null
13 info lifecycle music-player@1.0.0~start: Failed to exec start script
14 verbose stack Error: music-player@1.0.0 start: `nodemon app_main.js`
14 verbose stack Exit status 1
14 verbose stack     at EventEmitter.<anonymous> (C:\dev\nvm\npm\node_modules\npm\lib\utils\lifecycle.js:245:16)
14 verbose stack     at emitTwo (events.js:106:13)
14 verbose stack     at EventEmitter.emit (events.js:191:7)
14 verbose stack     at ChildProcess.<anonymous> (C:\dev\nvm\npm\node_modules\npm\lib\utils\spawn.js:24:14)
14 verbose stack     at emitTwo (events.js:106:13)
14 verbose stack     at ChildProcess.emit (events.js:191:7)
14 verbose stack     at maybeClose (internal/child_process.js:850:16)
14 verbose stack     at Process.ChildProcess._handle.onexit (internal/child_process.js:215:5)
15 verbose pkgid music-player@1.0.0
16 verbose cwd C:\Users\iroc\Desktop\music-player
17 error Windows_NT 10.0.10240
18 error argv "C:\\dev\\nodejs\\node.exe" "C:\\dev\\nvm\\npm\\node_modules\\npm\\bin\\npm-cli.js" "start"
19 error node v6.2.0
20 error npm  v3.9.0
21 error code ELIFECYCLE
22 error music-player@1.0.0 start: `nodemon app_main.js`
22 error Exit status 1
23 error Failed at the music-player@1.0.0 start script 'nodemon app_main.js'.
23 error Make sure you have the latest version of node.js and npm installed.
23 error If you do, this is most likely a problem with the music-player package,
23 error not with npm itself.
23 error Tell the author that this fails on your system:
23 error     nodemon app_main.js
23 error You can get information on how to open an issue for this project with:
23 error     npm bugs music-player
23 error Or if that isn't available, you can get their info via:
23 error     npm owner ls music-player
23 error There is likely additional logging output above.
24 verbose exit [ 1, true ]
